<?xml version="1.0" encoding="UTF-8"?>
<testsuite xmlns:xsi="http://www.w3.org/2001/XMLSchema-instance" xsi:noNamespaceSchemaLocation="https://maven.apache.org/surefire/maven-surefire-plugin/xsd/surefire-test-report-3.0.xsd" version="3.0" name="runners.RunCucumberJunitTest" time="10.526" tests="1" errors="0" skipped="0" failures="0">
  <properties>
[...]
</properties>
  <testcase name="Create user from Excel" classname="User API Testing" time="9.098">
    <system-out><![CDATA[10:29:29.510 [main] INFO  n.t.m.logging.ConsoleLoggingListener - 

-------------------------------------------------------------------------------------
     _______. _______ .______       _______ .__   __.  __  .___________.____    ____ 
    /       ||   ____||   _  \     |   ____||  \ |  | |  | |           |\   \  /   / 
   |   (----`|  |__   |  |_)  |    |  |__   |   \|  | |  | `---|  |----` \   \/   /  
    \   \    |   __|  |      /     |   __|  |  . `  | |  |     |  |       \_    _/   
.----)   |   |  |____ |  |\  \----.|  |____ |  |\   | |  |     |  |         |  |     
|_______/    |_______|| _| `._____||_______||__| \__| |__|     |__|         |__|    
                                                                                     
 News and tutorials at https://serenity-bdd.info                                     
 Documentation at https://serenity-bdd.github.io                                     
 Test Automation Training and Coaching: https://www.serenity-dojo.com                
 Commercial Support: https://www.serenity-dojo.com/serenity-bdd-enterprise-support   
 Join the Serenity Community on Gitter: https://gitter.im/serenity-bdd/serenity-core 
-------------------------------------------------------------------------------------

10:29:29.518 [main] INFO  n.t.m.logging.ConsoleLoggingListener - Test Suite Started: User API Testing
10:29:29.600 [main] INFO  n.t.m.logging.ConsoleLoggingListener - Test Suite Started: User API Testing
10:29:29.892 [main] INFO  n.t.m.logging.ConsoleLoggingListener - 
  _____   ___   ___   _____     ___   _____     _     ___   _____   ___   ___  
 |_   _| | __| / __| |_   _|   / __| |_   _|   /_\   | _ \ |_   _| | __| |   \ 
   | |   | _|  \__ \   | |     \__ \   | |    / _ \  |   /   | |   | _|  | |) |
   |_|   |___| |___/   |_|     |___/   |_|   /_/ \_\ |_|_\   |_|   |___| |___/ 

Create user from Excel(user-api-testing;create-user-from-excel)
--------------------------------------------------------------------------------

&amp#27;[1mScenario:&amp#27;[22m Create user from Excel                                  &amp#27;[90m# src/test/resources/features/user.feature:3&amp#27;[39m
10:29:30.466 [main] INFO  stepdefinitions.LoggingHooks - === Starting scenario: Create user from Excel ===
2026-04-01T04:59:30.663948700Z main ERROR Log4j API could not find a logging provider.
  &amp#27;[32m✔&amp#27;[39m &amp#27;[32m&amp#27;[1mGiven &amp#27;[22mI have user payload from Excel &amp#27;[1m"TC01"&amp#27;[22m in sheet &amp#27;[1m"Sheet1"&amp#27;[22m&amp#27;[39m &amp#27;[90m# stepdefinitions.UserSteps.createUserPayloadFromExcel(java.lang.String,java.lang.String)&amp#27;[39m
10:29:32.214 [main] INFO  utils.Slf4jRestAssuredFilter - REST REQUEST: POST https://petstore.swagger.io/v2/user
10:29:38.190 [main] INFO  utils.Slf4jRestAssuredFilter - REST RESPONSE: HTTP/1.1 200 OK | code=200 | contentType=application/json
10:29:38.226 [main] INFO  stepdefinitions.UserSteps - Status line: HTTP/1.1 200 OK
10:29:38.226 [main] INFO  stepdefinitions.UserSteps - Content-Type: application/json
10:29:38.226 [main] INFO  stepdefinitions.UserSteps - Response body:
{
    "code": 200,
    "type": "unknown",
    "message": "223"
}
  &amp#27;[32m✔&amp#27;[39m &amp#27;[32m&amp#27;[1mWhen &amp#27;[22mI send POST request to create user&amp#27;[39m                       &amp#27;[90m# stepdefinitions.UserSteps.sendPostRequest()&amp#27;[39m
10:29:38.227 [main] INFO  stepdefinitions.UserSteps - Status code: 200
  &amp#27;[32m✔&amp#27;[39m &amp#27;[32m&amp#27;[1mThen &amp#27;[22mresponse status should be 200&amp#27;[39m                            &amp#27;[90m# stepdefinitions.UserSteps.validateStatusCode()&amp#27;[39m
  &amp#27;[32m✔&amp#27;[39m &amp#27;[32m&amp#27;[1mAnd &amp#27;[22mresponse content type should be JSON&amp#27;[39m                      &amp#27;[90m# stepdefinitions.UserSteps.validateContentType()&amp#27;[39m
  &amp#27;[32m✔&amp#27;[39m &amp#27;[32m&amp#27;[1mAnd &amp#27;[22mresponse should contain success message&amp#27;[39m                   &amp#27;[90m# stepdefinitions.UserSteps.validateResponseBody()&amp#27;[39m
10:29:38.679 [main] INFO  stepdefinitions.LoggingHooks - === Finished scenario: Create user from Excel | failed=false ===
10:29:38.683 [main] INFO  n.t.m.logging.ConsoleLoggingListener - 
  _____   ___   ___   _____     ___     _     ___   ___   ___   ___  
 |_   _| | __| / __| |_   _|   | _ \   /_\   / __| / __| | __| |   \ 
   | |   | _|  \__ \   | |     |  _/  / _ \  \__ \ \__ \ | _|  | |) |
   |_|   |___| |___/   |_|     |_|   /_/ \_\ |___/ |___/ |___| |___/ 

Create user from Excel
----------------------------------------------------------------------
]]></system-out>
  </testcase>
</testsuite>